update-alternatives 2022-08-29 16:05:41: run with --quiet --install /usr/bin/awk awk /usr/bin/mawk 5 --slave /usr/share/man/man1/awk.1.gz awk.1.gz /usr/share/man/man1/mawk.1.gz --slave /usr/bin/nawk nawk /usr/bin/mawk --slave /usr/share/man/man1/nawk.1.gz nawk.1.gz /usr/share/man/man1/mawk.1.gz
update-alternatives 2022-08-29 16:05:41: link group awk updated to point to /usr/bin/mawk
update-alternatives 2022-08-29 16:05:47: run with --quiet --install /usr/bin/awk awk /usr/bin/mawk 5 --slave /usr/share/man/man1/awk.1.gz awk.1.gz /usr/share/man/man1/mawk.1.gz --slave /usr/bin/nawk nawk /usr/bin/mawk --slave /usr/share/man/man1/nawk.1.gz nawk.1.gz /usr/share/man/man1/mawk.1.gz
update-alternatives 2022-08-29 16:05:48: run with --install /usr/share/man/man7/builtins.7.gz builtins.7.gz /usr/share/man/man7/bash-builtins.7.gz 10
update-alternatives 2022-08-29 16:05:48: link group builtins.7.gz updated to point to /usr/share/man/man7/bash-builtins.7.gz
update-alternatives 2022-08-29 16:05:48: run with --install /usr/sbin/rmt rmt /usr/sbin/rmt-tar 50 --slave /usr/share/man/man8/rmt.8.gz rmt.8.gz /usr/share/man/man8/rmt-tar.8.gz
update-alternatives 2022-08-29 16:05:48: link group rmt updated to point to /usr/sbin/rmt-tar
update-alternatives 2022-08-29 16:05:49: run with --install /usr/bin/w w /usr/bin/w.procps 50 --slave /usr/share/man/man1/w.1.gz w.1.gz /usr/share/man/man1/w.procps.1.gz
update-alternatives 2022-08-29 16:05:49: link group w updated to point to /usr/bin/w.procps
update-alternatives 2022-08-29 16:05:50: run with --install /usr/bin/pager pager /bin/more 50 --slave /usr/share/man/man1/pager.1.gz pager.1.gz /usr/share/man/man1/more.1.gz
update-alternatives 2022-08-29 16:05:50: link group pager updated to point to /bin/more
update-alternatives 2022-08-29 16:05:50: run with --remove pager /usr/bin/pg
update-alternatives 2022-08-29 16:06:44: run with --remove builtins.7.gz /usr/share/man/man7/bash-builtins.7.gz
update-alternatives 2022-08-29 16:06:44: link group builtins.7.gz fully removed
update-alternatives 2022-08-29 16:19:21: run with --quiet --install /usr/bin/awk awk /usr/bin/mawk 5 --slave /usr/share/man/man1/awk.1.gz awk.1.gz /usr/share/man/man1/mawk.1.gz --slave /usr/bin/nawk nawk /usr/bin/mawk --slave /usr/share/man/man1/nawk.1.gz nawk.1.gz /usr/share/man/man1/mawk.1.gz
update-alternatives 2022-08-29 16:19:21: auto-repair link group awk
update-alternatives 2022-08-29 16:20:22: run with --install /usr/bin/w w /usr/bin/w.procps 50 --slave /usr/share/man/man1/w.1.gz w.1.gz /usr/share/man/man1/w.procps.1.gz
update-alternatives 2022-08-29 16:20:22: auto-repair link group w
update-alternatives 2022-08-29 16:21:01: run with --install /usr/sbin/rmt rmt /usr/sbin/rmt-tar 50 --slave /usr/share/man/man8/rmt.8.gz rmt.8.gz /usr/share/man/man8/rmt-tar.8.gz
update-alternatives 2022-08-29 16:21:01: auto-repair link group rmt
update-alternatives 2022-08-29 16:21:22: run with --install /usr/bin/pager pager /bin/more 50 --slave /usr/share/man/man1/pager.1.gz pager.1.gz /usr/share/man/man1/more.1.gz
update-alternatives 2022-08-29 16:21:22: auto-repair link group pager
update-alternatives 2022-08-29 16:21:22: run with --remove pager /usr/bin/pg
update-alternatives 2022-08-29 16:21:48: run with --install /usr/sbin/rmt rmt /usr/sbin/rmt-tar 50 --slave /usr/share/man/man8/rmt.8.gz rmt.8.gz /usr/share/man/man8/rmt-tar.8.gz
update-alternatives 2022-08-29 16:21:50: run with --install /usr/bin/pager pager /bin/more 50 --slave /usr/share/man/man1/pager.1.gz pager.1.gz /usr/share/man/man1/more.1.gz
update-alternatives 2022-08-29 16:21:50: run with --remove pager /usr/bin/pg
update-alternatives 2022-08-29 16:21:55: run with --install /usr/bin/w w /usr/bin/w.procps 50 --slave /usr/share/man/man1/w.1.gz w.1.gz /usr/share/man/man1/w.procps.1.gz
update-alternatives 2023-01-05 06:28:23: run with --quiet --install /usr/bin/pager pager /usr/bin/less 77 --slave /usr/share/man/man1/pager.1.gz pager.1.gz /usr/share/man/man1/less.1.gz
update-alternatives 2023-01-05 06:28:23: link group pager updated to point to /usr/bin/less
update-alternatives 2023-01-05 06:28:23: run with --quiet --remove pager /bin/less
update-alternatives 2023-01-05 14:30:36: run with --install /usr/bin/lzma lzma /usr/bin/xz 20 --slave /usr/share/man/man1/lzma.1.gz lzma.1.gz /usr/share/man/man1/xz.1.gz --slave /usr/bin/unlzma unlzma /usr/bin/unxz --slave /usr/share/man/man1/unlzma.1.gz unlzma.1.gz /usr/share/man/man1/unxz.1.gz --slave /usr/bin/lzcat lzcat /usr/bin/xzcat --slave /usr/share/man/man1/lzcat.1.gz lzcat.1.gz /usr/share/man/man1/xzcat.1.gz --slave /usr/bin/lzmore lzmore /usr/bin/xzmore --slave /usr/share/man/man1/lzmore.1.gz lzmore.1.gz /usr/share/man/man1/xzmore.1.gz --slave /usr/bin/lzless lzless /usr/bin/xzless --slave /usr/share/man/man1/lzless.1.gz lzless.1.gz /usr/share/man/man1/xzless.1.gz --slave /usr/bin/lzdiff lzdiff /usr/bin/xzdiff --slave /usr/share/man/man1/lzdiff.1.gz lzdiff.1.gz /usr/share/man/man1/xzdiff.1.gz --slave /usr/bin/lzcmp lzcmp /usr/bin/xzcmp --slave /usr/share/man/man1/lzcmp.1.gz lzcmp.1.gz /usr/share/man/man1/xzcmp.1.gz --slave /usr/bin/lzgrep lzgrep /usr/bin/xzgrep --slave /usr/share/man/man1/lzgrep.1.gz lzgrep.1.gz /usr/share/man/man1/xzgrep.1.gz --slave /usr/bin/lzegrep lzegrep /usr/bin/xzegrep --slave /usr/share/man/man1/lzegrep.1.gz lzegrep.1.gz /usr/share/man/man1/xzegrep.1.gz --slave /usr/bin/lzfgrep lzfgrep /usr/bin/xzfgrep --slave /usr/share/man/man1/lzfgrep.1.gz lzfgrep.1.gz /usr/share/man/man1/xzfgrep.1.gz
update-alternatives 2023-01-05 14:30:36: link group lzma updated to point to /usr/bin/xz
update-alternatives 2023-01-05 14:30:47: run with --install /etc/newt/palette newt-palette /etc/newt/palette.ubuntu 50
update-alternatives 2023-01-05 14:30:47: link group newt-palette updated to point to /etc/newt/palette.ubuntu
update-alternatives 2023-01-05 14:30:48: run with --install /etc/newt/palette newt-palette /etc/newt/palette.original 20
update-alternatives 2023-01-05 14:31:13: run with --install /usr/bin/yacc yacc /usr/bin/bison.yacc 100 --slave /usr/share/man/man1/yacc.1.gz yaccman /usr/share/man/man1/bison.yacc.1.gz
update-alternatives 2023-01-05 14:31:13: link group yacc updated to point to /usr/bin/bison.yacc
update-alternatives 2023-01-05 14:31:19: run with --install /usr/sbin/iptables iptables /usr/sbin/iptables-legacy 20 --slave /usr/sbin/iptables-restore iptables-restore /usr/sbin/iptables-legacy-restore --slave /usr/sbin/iptables-save iptables-save /usr/sbin/iptables-legacy-save
update-alternatives 2023-01-05 14:31:19: link group iptables updated to point to /usr/sbin/iptables-legacy
update-alternatives 2023-01-05 14:31:19: run with --install /usr/sbin/ip6tables ip6tables /usr/sbin/ip6tables-legacy 20 --slave /usr/sbin/ip6tables-restore ip6tables-restore /usr/sbin/ip6tables-legacy-restore --slave /usr/sbin/ip6tables-save ip6tables-save /usr/sbin/ip6tables-legacy-save
update-alternatives 2023-01-05 14:31:19: link group ip6tables updated to point to /usr/sbin/ip6tables-legacy
update-alternatives 2023-01-05 14:31:19: run with --install /usr/sbin/iptables iptables /usr/sbin/iptables-nft 10 --slave /usr/sbin/iptables-restore iptables-restore /usr/sbin/iptables-nft-restore --slave /usr/sbin/iptables-save iptables-save /usr/sbin/iptables-nft-save
update-alternatives 2023-01-05 14:31:19: run with --install /usr/sbin/ip6tables ip6tables /usr/sbin/ip6tables-nft 10 --slave /usr/sbin/ip6tables-restore ip6tables-restore /usr/sbin/ip6tables-nft-restore --slave /usr/sbin/ip6tables-save ip6tables-save /usr/sbin/ip6tables-nft-save
update-alternatives 2023-01-05 14:31:19: run with --install /usr/sbin/arptables arptables /usr/sbin/arptables-nft 10 --slave /usr/sbin/arptables-restore arptables-restore /usr/sbin/arptables-nft-restore --slave /usr/sbin/arptables-save arptables-save /usr/sbin/arptables-nft-save
update-alternatives 2023-01-05 14:31:19: link group arptables updated to point to /usr/sbin/arptables-nft
update-alternatives 2023-01-05 14:31:19: run with --install /usr/sbin/ebtables ebtables /usr/sbin/ebtables-nft 10 --slave /usr/sbin/ebtables-restore ebtables-restore /usr/sbin/ebtables-nft-restore --slave /usr/sbin/ebtables-save ebtables-save /usr/sbin/ebtables-nft-save
update-alternatives 2023-01-05 14:31:19: link group ebtables updated to point to /usr/sbin/ebtables-nft
update-alternatives 2023-01-05 14:31:20: run with --quiet --install /usr/bin/rsh rsh /usr/bin/ssh 20 --slave /usr/share/man/man1/rsh.1.gz rsh.1.gz /usr/share/man/man1/ssh.1.gz
update-alternatives 2023-01-05 14:31:20: link group rsh updated to point to /usr/bin/ssh
update-alternatives 2023-01-05 14:31:20: run with --quiet --install /usr/bin/rlogin rlogin /usr/bin/slogin 20 --slave /usr/share/man/man1/rlogin.1.gz rlogin.1.gz /usr/share/man/man1/slogin.1.gz
update-alternatives 2023-01-05 14:31:20: link group rlogin updated to point to /usr/bin/slogin
update-alternatives 2023-01-05 14:31:20: run with --quiet --install /usr/bin/rcp rcp /usr/bin/scp 20 --slave /usr/share/man/man1/rcp.1.gz rcp.1.gz /usr/share/man/man1/scp.1.gz
update-alternatives 2023-01-05 14:31:20: link group rcp updated to point to /usr/bin/scp
update-alternatives 2023-01-05 14:31:43: run with --quiet --install /lib/cpp cpp /usr/bin/cpp 10
update-alternatives 2023-01-05 14:31:43: link group cpp updated to point to /usr/bin/cpp
update-alternatives 2023-01-05 14:31:46: run with --install /usr/bin/automake automake /usr/bin/automake-1.16 34 --slave /usr/bin/aclocal aclocal /usr/bin/aclocal-1.16 --slave /usr/share/man/man1/automake.1.gz automake.1.gz /usr/share/man/man1/automake-1.16.1.gz --slave /usr/share/man/man1/aclocal.1.gz aclocal.1.gz /usr/share/man/man1/aclocal-1.16.1.gz
update-alternatives 2023-01-05 14:31:46: link group automake updated to point to /usr/bin/automake-1.16
update-alternatives 2023-01-05 14:31:49: run with --install /usr/bin/vim vim /usr/bin/vim.basic 30
update-alternatives 2023-01-05 14:31:49: link group vim updated to point to /usr/bin/vim.basic
update-alternatives 2023-01-05 14:31:49: run with --install /usr/bin/vimdiff vimdiff /usr/bin/vim.basic 30
update-alternatives 2023-01-05 14:31:49: link group vimdiff updated to point to /usr/bin/vim.basic
update-alternatives 2023-01-05 14:31:49: run with --install /usr/bin/rvim rvim /usr/bin/vim.basic 30
update-alternatives 2023-01-05 14:31:49: link group rvim updated to point to /usr/bin/vim.basic
update-alternatives 2023-01-05 14:31:49: run with --install /usr/bin/rview rview /usr/bin/vim.basic 30
update-alternatives 2023-01-05 14:31:49: link group rview updated to point to /usr/bin/vim.basic
update-alternatives 2023-01-05 14:31:49: run with --install /usr/bin/vi vi /usr/bin/vim.basic 30 --slave /usr/share/man/da/man1/vi.1.gz vi.da.1.gz /usr/share/man/da/man1/vim.1.gz --slave /usr/share/man/de/man1/vi.1.gz vi.de.1.gz /usr/share/man/de/man1/vim.1.gz --slave /usr/share/man/fr/man1/vi.1.gz vi.fr.1.gz /usr/share/man/fr/man1/vim.1.gz --slave /usr/share/man/it/man1/vi.1.gz vi.it.1.gz /usr/share/man/it/man1/vim.1.gz --slave /usr/share/man/ja/man1/vi.1.gz vi.ja.1.gz /usr/share/man/ja/man1/vim.1.gz --slave /usr/share/man/pl/man1/vi.1.gz vi.pl.1.gz /usr/share/man/pl/man1/vim.1.gz --slave /usr/share/man/ru/man1/vi.1.gz vi.ru.1.gz /usr/share/man/ru/man1/vim.1.gz --slave /usr/share/man/man1/vi.1.gz vi.1.gz /usr/share/man/man1/vim.1.gz
update-alternatives 2023-01-05 14:31:49: link group vi updated to point to /usr/bin/vim.basic
update-alternatives 2023-01-05 14:31:49: run with --install /usr/bin/view view /usr/bin/vim.basic 30 --slave /usr/share/man/da/man1/view.1.gz view.da.1.gz /usr/share/man/da/man1/vim.1.gz --slave /usr/share/man/de/man1/view.1.gz view.de.1.gz /usr/share/man/de/man1/vim.1.gz --slave /usr/share/man/fr/man1/view.1.gz view.fr.1.gz /usr/share/man/fr/man1/vim.1.gz --slave /usr/share/man/it/man1/view.1.gz view.it.1.gz /usr/share/man/it/man1/vim.1.gz --slave /usr/share/man/ja/man1/view.1.gz view.ja.1.gz /usr/share/man/ja/man1/vim.1.gz --slave /usr/share/man/pl/man1/view.1.gz view.pl.1.gz /usr/share/man/pl/man1/vim.1.gz --slave /usr/share/man/ru/man1/view.1.gz view.ru.1.gz /usr/share/man/ru/man1/vim.1.gz --slave /usr/share/man/man1/view.1.gz view.1.gz /usr/share/man/man1/vim.1.gz
update-alternatives 2023-01-05 14:31:49: link group view updated to point to /usr/bin/vim.basic
update-alternatives 2023-01-05 14:31:49: run with --install /usr/bin/ex ex /usr/bin/vim.basic 30 --slave /usr/share/man/da/man1/ex.1.gz ex.da.1.gz /usr/share/man/da/man1/vim.1.gz --slave /usr/share/man/de/man1/ex.1.gz ex.de.1.gz /usr/share/man/de/man1/vim.1.gz --slave /usr/share/man/fr/man1/ex.1.gz ex.fr.1.gz /usr/share/man/fr/man1/vim.1.gz --slave /usr/share/man/it/man1/ex.1.gz ex.it.1.gz /usr/share/man/it/man1/vim.1.gz --slave /usr/share/man/ja/man1/ex.1.gz ex.ja.1.gz /usr/share/man/ja/man1/vim.1.gz --slave /usr/share/man/pl/man1/ex.1.gz ex.pl.1.gz /usr/share/man/pl/man1/vim.1.gz --slave /usr/share/man/ru/man1/ex.1.gz ex.ru.1.gz /usr/share/man/ru/man1/vim.1.gz --slave /usr/share/man/man1/ex.1.gz ex.1.gz /usr/share/man/man1/vim.1.gz
update-alternatives 2023-01-05 14:31:49: link group ex updated to point to /usr/bin/vim.basic
update-alternatives 2023-01-05 14:31:49: run with --install /usr/bin/editor editor /usr/bin/vim.basic 30 --slave /usr/share/man/da/man1/editor.1.gz editor.da.1.gz /usr/share/man/da/man1/vim.1.gz --slave /usr/share/man/de/man1/editor.1.gz editor.de.1.gz /usr/share/man/de/man1/vim.1.gz --slave /usr/share/man/fr/man1/editor.1.gz editor.fr.1.gz /usr/share/man/fr/man1/vim.1.gz --slave /usr/share/man/it/man1/editor.1.gz editor.it.1.gz /usr/share/man/it/man1/vim.1.gz --slave /usr/share/man/ja/man1/editor.1.gz editor.ja.1.gz /usr/share/man/ja/man1/vim.1.gz --slave /usr/share/man/pl/man1/editor.1.gz editor.pl.1.gz /usr/share/man/pl/man1/vim.1.gz --slave /usr/share/man/ru/man1/editor.1.gz editor.ru.1.gz /usr/share/man/ru/man1/vim.1.gz --slave /usr/share/man/man1/editor.1.gz editor.1.gz /usr/share/man/man1/vim.1.gz
update-alternatives 2023-01-05 14:31:49: link group editor updated to point to /usr/bin/vim.basic
update-alternatives 2023-01-05 14:31:58: run with --quiet --install /usr/bin/cc cc /usr/bin/gcc 20 --slave /usr/share/man/man1/cc.1.gz cc.1.gz /usr/share/man/man1/gcc.1.gz
update-alternatives 2023-01-05 14:31:58: link group cc updated to point to /usr/bin/gcc
update-alternatives 2023-01-05 14:31:58: run with --quiet --install /usr/bin/c89 c89 /usr/bin/c89-gcc 20 --slave /usr/share/man/man1/c89.1.gz c89.1.gz /usr/share/man/man1/c89-gcc.1.gz
update-alternatives 2023-01-05 14:31:58: link group c89 updated to point to /usr/bin/c89-gcc
update-alternatives 2023-01-05 14:31:58: run with --quiet --install /usr/bin/c99 c99 /usr/bin/c99-gcc 20 --slave /usr/share/man/man1/c99.1.gz c99.1.gz /usr/share/man/man1/c99-gcc.1.gz
update-alternatives 2023-01-05 14:31:58: link group c99 updated to point to /usr/bin/c99-gcc
update-alternatives 2023-01-05 14:45:29: run with --install /etc/vtrgb vtrgb /etc/console-setup/vtrgb 50
update-alternatives 2023-01-05 14:45:29: link group vtrgb updated to point to /etc/console-setup/vtrgb
update-alternatives 2023-01-05 14:45:29: run with --install /etc/vtrgb vtrgb /etc/console-setup/vtrgb.vga 20
update-alternatives 2023-01-06 10:19:52: run with --install /etc/mysql/my.cnf my.cnf /etc/mysql/my.cnf.fallback 100
update-alternatives 2023-01-06 10:19:52: link group my.cnf updated to point to /etc/mysql/my.cnf.fallback
update-alternatives 2023-01-06 10:19:55: run with --install /usr/lib/aarch64-linux-gnu/libblas.so.3 libblas.so.3-aarch64-linux-gnu /usr/lib/aarch64-linux-gnu/blas/libblas.so.3 10
update-alternatives 2023-01-06 10:19:55: link group libblas.so.3-aarch64-linux-gnu updated to point to /usr/lib/aarch64-linux-gnu/blas/libblas.so.3
update-alternatives 2023-01-06 10:19:58: run with --install /usr/bin/c++ c++ /usr/bin/g++ 20 --slave /usr/share/man/man1/c++.1.gz c++.1.gz /usr/share/man/man1/g++.1.gz
update-alternatives 2023-01-06 10:19:58: link group c++ updated to point to /usr/bin/g++
update-alternatives 2023-01-06 10:20:01: run with --install /usr/lib/aarch64-linux-gnu/liblapack.so.3 liblapack.so.3-aarch64-linux-gnu /usr/lib/aarch64-linux-gnu/lapack/liblapack.so.3 10
update-alternatives 2023-01-06 10:20:01: link group liblapack.so.3-aarch64-linux-gnu updated to point to /usr/lib/aarch64-linux-gnu/lapack/liblapack.so.3
update-alternatives 2023-01-06 10:20:05: run with --quiet --install /usr/bin/c++ c++ /usr/bin/clang++ 10
update-alternatives 2023-01-06 10:20:05: run with --quiet --install /usr/bin/cc cc /usr/bin/clang 10
update-alternatives 2023-01-06 10:20:05: run with --quiet --install /usr/bin/c89 c89 /usr/bin/clang 10
update-alternatives 2023-01-06 10:20:05: run with --quiet --install /usr/bin/c99 c99 /usr/bin/clang 10
update-alternatives 2023-01-06 10:20:08: run with --install /usr/share/icons/default/index.theme x-cursor-theme /usr/share/icons/Adwaita/cursor.theme 90
update-alternatives 2023-01-06 10:20:08: link group x-cursor-theme updated to point to /usr/share/icons/Adwaita/cursor.theme
